  [1m[35m (0.9ms)[0m  [1m[34mSELECT sqlite_version(*)[0m
  [1m[35m (0.4ms)[0m  [1m[35mCREATE TABLE "schema_migrations" ("version" varchar NOT NULL PRIMARY KEY)[0m
  [1m[35m (0.3ms)[0m  [1m[35mCREATE TABLE "ar_internal_metadata" ("key" varchar NOT NULL PRIMARY KEY, "value" varchar, "created_at" datetime(6) NOT NULL, "updated_at" datetime(6) NOT NULL)[0m
  [1m[35m (0.1ms)[0m  [1m[34mSELECT "schema_migrations"."version" FROM "schema_migrations" ORDER BY "schema_migrations"."version" ASC[0m
Migrating to DeviseCreateUsers (20220818133304)
  [1m[36mTRANSACTION (0.0ms)[0m  [1m[36mbegin transaction[0m
  [1m[35m (0.2ms)[0m  [1m[35mCREATE TABLE "users" ("id" integer PRIMARY KEY AUTOINCREMENT NOT NULL, "email" varchar DEFAULT '' NOT NULL, "encrypted_password" varchar DEFAULT '' NOT NULL, "reset_password_token" varchar, "reset_password_sent_at" datetime, "remember_created_at" datetime, "created_at" datetime(6) NOT NULL, "updated_at" datetime(6) NOT NULL)[0m
  [1m[35m (0.1ms)[0m  [1m[35mCREATE UNIQUE INDEX "index_users_on_email" ON "users" ("email")[0m
  [1m[35m (0.0ms)[0m  [1m[35mCREATE UNIQUE INDEX "index_users_on_reset_password_token" ON "users" ("reset_password_token")[0m
  [1m[36mActiveRecord::SchemaMigration Create (0.1ms)[0m  [1m[32mINSERT INTO "schema_migrations" ("version") VALUES (?)[0m  [["version", "20220818133304"]]
  [1m[36mTRANSACTION (0.4ms)[0m  [1m[36mcommit transaction[0m
  [1m[36mActiveRecord::InternalMetadata Load (0.1ms)[0m  [1m[34mSELECT "ar_internal_metadata".* FROM "ar_internal_metadata" WHERE "ar_internal_metadata"."key" = ? LIMIT ?[0m  [["key", "environment"], ["LIMIT", 1]]
  [1m[36mTRANSACTION (0.0ms)[0m  [1m[36mbegin transaction[0m
  [1m[36mActiveRecord::InternalMetadata Create (0.2ms)[0m  [1m[32mINSERT INTO "ar_internal_metadata" ("key", "value", "created_at", "updated_at") VALUES (?, ?, ?, ?)[0m  [["key", "environment"], ["value", "development"], ["created_at", "2022-08-18 13:33:17.979898"], ["updated_at", "2022-08-18 13:33:17.979898"]]
  [1m[36mTRANSACTION (0.3ms)[0m  [1m[36mcommit transaction[0m
  [1m[35m (0.0ms)[0m  [1m[34mSELECT sqlite_version(*)[0m
  [1m[35m (0.0ms)[0m  [1m[34mSELECT "schema_migrations"."version" FROM "schema_migrations" ORDER BY "schema_migrations"."version" ASC[0m
Started GET "/" for 127.0.0.1 at 2022-08-18 22:52:24 +0800
  [1m[35m (1.2ms)[0m  [1m[34mSELECT sqlite_version(*)[0m
  [1m[35m (0.2ms)[0m  [1m[34mSELECT "schema_migrations"."version" FROM "schema_migrations" ORDER BY "schema_migrations"."version" ASC[0m
  
ActionController::RoutingError (uninitialized constant HomeController

        Object.const_get(camel_cased_word)
              ^^^^^^^^^^

            raise MissingController.new(error.message, error.name)
            ^^^^^):
  
Started GET "/" for 127.0.0.1 at 2022-08-18 22:54:55 +0800
  
ActionController::RoutingError (uninitialized constant HomeController

        Object.const_get(camel_cased_word)
              ^^^^^^^^^^
Did you mean?  HomesController

            raise MissingController.new(error.message, error.name)
            ^^^^^):
  
Started GET "/" for 127.0.0.1 at 2022-08-18 22:54:56 +0800
  
ActionController::RoutingError (uninitialized constant HomeController

        Object.const_get(camel_cased_word)
              ^^^^^^^^^^
Did you mean?  HomesController

            raise MissingController.new(error.message, error.name)
            ^^^^^):
  
Started GET "/" for 127.0.0.1 at 2022-08-18 22:54:57 +0800
  
ActionController::RoutingError (uninitialized constant HomeController

        Object.const_get(camel_cased_word)
              ^^^^^^^^^^
Did you mean?  HomesController

            raise MissingController.new(error.message, error.name)
            ^^^^^):
  
Started GET "/" for 127.0.0.1 at 2022-08-18 22:55:03 +0800
  
ActionController::RoutingError (uninitialized constant HomeController

        Object.const_get(camel_cased_word)
              ^^^^^^^^^^
Did you mean?  HomesController

            raise MissingController.new(error.message, error.name)
            ^^^^^):
  
Started GET "/" for 127.0.0.1 at 2022-08-18 22:55:04 +0800
  
ActionController::RoutingError (uninitialized constant HomeController

        Object.const_get(camel_cased_word)
              ^^^^^^^^^^
Did you mean?  HomesController

            raise MissingController.new(error.message, error.name)
            ^^^^^):
  
Started GET "/" for 127.0.0.1 at 2022-08-18 22:55:05 +0800
  
ActionController::RoutingError (uninitialized constant HomeController

        Object.const_get(camel_cased_word)
              ^^^^^^^^^^
Did you mean?  HomesController

            raise MissingController.new(error.message, error.name)
            ^^^^^):
  
Started GET "/" for 127.0.0.1 at 2022-08-18 22:55:05 +0800
  
ActionController::RoutingError (uninitialized constant HomeController

        Object.const_get(camel_cased_word)
              ^^^^^^^^^^
Did you mean?  HomesController

            raise MissingController.new(error.message, error.name)
            ^^^^^):
  
Started GET "/rails/info/routes?path=r" for 127.0.0.1 at 2022-08-18 22:55:06 +0800
Processing by Rails::InfoController#routes as */*
  Parameters: {"path"=>"r"}
Completed 200 OK in 11ms (Views: 0.5ms | Allocations: 3181)


Started GET "/" for 127.0.0.1 at 2022-08-18 22:55:07 +0800
  
ActionController::RoutingError (uninitialized constant HomeController

        Object.const_get(camel_cased_word)
              ^^^^^^^^^^
Did you mean?  HomesController

            raise MissingController.new(error.message, error.name)
            ^^^^^):
  
Started GET "/" for 127.0.0.1 at 2022-08-18 22:55:12 +0800
  
ActionController::RoutingError (uninitialized constant HomeController

        Object.const_get(camel_cased_word)
              ^^^^^^^^^^
Did you mean?  HomesController

            raise MissingController.new(error.message, error.name)
            ^^^^^):
  
Started GET "/" for 127.0.0.1 at 2022-08-18 22:55:13 +0800
  
ActionController::RoutingError (uninitialized constant HomeController

        Object.const_get(camel_cased_word)
              ^^^^^^^^^^
Did you mean?  HomesController

            raise MissingController.new(error.message, error.name)
            ^^^^^):
  
Started GET "/" for 127.0.0.1 at 2022-08-18 22:56:06 +0800
  
ActionController::RoutingError (uninitialized constant HomeController

        Object.const_get(camel_cased_word)
              ^^^^^^^^^^
Did you mean?  HomesController

            raise MissingController.new(error.message, error.name)
            ^^^^^):
  
Started GET "/" for 127.0.0.1 at 2022-08-18 22:56:24 +0800
  
ActionController::RoutingError (uninitialized constant HomeController

        Object.const_get(camel_cased_word)
              ^^^^^^^^^^
Did you mean?  HomesController

            raise MissingController.new(error.message, error.name)
            ^^^^^):
  
Started GET "/" for 127.0.0.1 at 2022-08-18 22:56:25 +0800
  
ActionController::RoutingError (uninitialized constant HomeController

        Object.const_get(camel_cased_word)
              ^^^^^^^^^^
Did you mean?  HomesController

            raise MissingController.new(error.message, error.name)
            ^^^^^):
  
Started GET "/" for 127.0.0.1 at 2022-08-18 22:56:29 +0800
  
ActionController::RoutingError (uninitialized constant HomeController

        Object.const_get(camel_cased_word)
              ^^^^^^^^^^
Did you mean?  HomesController

            raise MissingController.new(error.message, error.name)
            ^^^^^):
  
Started GET "/" for 127.0.0.1 at 2022-08-18 22:59:35 +0800
  [1m[35m (0.8ms)[0m  [1m[34mSELECT sqlite_version(*)[0m
  [1m[35m (0.2ms)[0m  [1m[34mSELECT "schema_migrations"."version" FROM "schema_migrations" ORDER BY "schema_migrations"."version" ASC[0m
  
ActionController::RoutingError (uninitialized constant HomeController

        Object.const_get(camel_cased_word)
              ^^^^^^^^^^
Did you mean?  HomesController

            raise MissingController.new(error.message, error.name)
            ^^^^^):
  
Started GET "/user" for 127.0.0.1 at 2022-08-18 23:01:25 +0800
  
ActionController::RoutingError (No route matches [GET] "/user"):
  
Started GET "/users/sign_up" for 127.0.0.1 at 2022-08-18 23:01:33 +0800
Processing by Devise::RegistrationsController#new as HTML
  Rendering layout layouts/application.html.erb
  Rendering /Users/dylan/.rvm/gems/ruby-3.1.2/gems/devise-4.8.1/app/views/devise/registrations/new.html.erb within layouts/application
  Rendered /Users/dylan/.rvm/gems/ruby-3.1.2/gems/devise-4.8.1/app/views/devise/shared/_error_messages.html.erb (Duration: 1.6ms | Allocations: 274)
  Rendered /Users/dylan/.rvm/gems/ruby-3.1.2/gems/devise-4.8.1/app/views/devise/shared/_links.html.erb (Duration: 1.1ms | Allocations: 613)
  Rendered /Users/dylan/.rvm/gems/ruby-3.1.2/gems/devise-4.8.1/app/views/devise/registrations/new.html.erb within layouts/application (Duration: 25.6ms | Allocations: 7903)
[Webpacker] Compiling...
[Webpacker] Compiled all packs in /Users/dylan/team-test/public/packs
[Webpacker] Hash: 0fe7dcd9d8f9ebcf52de
Version: webpack 4.46.0
Time: 632ms
Built at: 2022/08/18 ä¸‹åˆ11:01:35
                                     Asset       Size       Chunks                         Chunk Names
    js/application-2e212f7c8f867558ac6e.js    121 KiB  application  [emitted] [immutable]  application
js/application-2e212f7c8f867558ac6e.js.map    136 KiB  application  [emitted] [dev]        application
                             manifest.json  364 bytes               [emitted]              
Entrypoint application = js/application-2e212f7c8f867558ac6e.js js/application-2e212f7c8f867558ac6e.js.map
[./app/javascript/channels sync recursive _channel\.js$] ./app/javascript/channels sync _channel\.js$ 160 bytes {application} [built]
[./app/javascript/channels/index.js] 211 bytes {application} [built]
[./app/javascript/packs/application.js] 492 bytes {application} [built]
    + 3 hidden modules

  Rendered layout layouts/application.html.erb (Duration: 1871.6ms | Allocations: 22449)
Completed 200 OK in 1889ms (Views: 1875.2ms | ActiveRecord: 1.0ms | Allocations: 30289)


Started POST "/users" for 127.0.0.1 at 2022-08-18 23:01:54 +0800
Processing by Devise::RegistrationsController#create as HTML
  Parameters: {"authenticity_token"=>"[FILTERED]", "user"=>{"email"=>"123@123fda", "password"=>"[FILTERED]", "password_confirmation"=>"[FILTERED]"}, "commit"=>"Sign up"}
  [1m[36mTRANSACTION (0.1ms)[0m  [1m[36mbegin transaction[0m
  [1m[36mUser Exists? (0.4ms)[0m  [1m[34mSELECT 1 AS one FROM "users" WHERE "users"."email" = ? LIMIT ?[0m  [["email", "123@123fda"], ["LIMIT", 1]]
  [1m[36mUser Create (0.8ms)[0m  [1m[32mINSERT INTO "users" ("email", "encrypted_password", "created_at", "updated_at") VALUES (?, ?, ?, ?)[0m  [["email", "123@123fda"], ["encrypted_password", "$2a$12$magZoiUpGZUdPSef0DhpLOI91.JG3zkleduVDW76qpzQep.vmpjKW"], ["created_at", "2022-08-18 15:01:54.724764"], ["updated_at", "2022-08-18 15:01:54.724764"]]
  [1m[36mTRANSACTION (0.6ms)[0m  [1m[36mcommit transaction[0m
Redirected to http://127.0.0.1:3000/
Completed 302 Found in 563ms (ActiveRecord: 1.8ms | Allocations: 10155)


Started GET "/" for 127.0.0.1 at 2022-08-18 23:01:54 +0800
  
ActionController::RoutingError (uninitialized constant HomeController

        Object.const_get(camel_cased_word)
              ^^^^^^^^^^
Did you mean?  HomesController

            raise MissingController.new(error.message, error.name)
            ^^^^^):
  
Started GET "/" for 127.0.0.1 at 2022-08-18 23:03:36 +0800
  
ActionController::RoutingError (uninitialized constant HomeController

        Object.const_get(camel_cased_word)
              ^^^^^^^^^^
Did you mean?  HomesController

            raise MissingController.new(error.message, error.name)
            ^^^^^):
  
Started GET "/" for 127.0.0.1 at 2022-08-18 23:04:35 +0800
  
ActionController::RoutingError (uninitialized constant HomeController

        Object.const_get(camel_cased_word)
              ^^^^^^^^^^
Did you mean?  HomesController

            raise MissingController.new(error.message, error.name)
            ^^^^^):
  
Started GET "/" for 127.0.0.1 at 2022-08-18 23:04:52 +0800
  
ActionController::RoutingError (uninitialized constant HomeController

        Object.const_get(camel_cased_word)
              ^^^^^^^^^^
Did you mean?  HomesController

            raise MissingController.new(error.message, error.name)
            ^^^^^):
  
Started GET "/" for 127.0.0.1 at 2022-08-18 23:05:04 +0800
  [1m[35m (0.6ms)[0m  [1m[34mSELECT sqlite_version(*)[0m
  [1m[35m (0.3ms)[0m  [1m[34mSELECT "schema_migrations"."version" FROM "schema_migrations" ORDER BY "schema_migrations"."version" ASC[0m
  
ActionController::RoutingError (uninitialized constant HomeController

        Object.const_get(camel_cased_word)
              ^^^^^^^^^^
Did you mean?  HomesController

            raise MissingController.new(error.message, error.name)
            ^^^^^):
  
Started GET "/" for 127.0.0.1 at 2022-08-18 23:05:52 +0800
Processing by HomesController#index as HTML
Completed 406 Not Acceptable in 4ms (Allocations: 2947)


  
ActionController::MissingExactTemplate (HomesController#index is missing a template for request formats: text/html):
  
actionpack (6.1.6.1) lib/action_controller/metal/implicit_render.rb:45:in `default_render'
actionpack (6.1.6.1) lib/action_controller/metal/basic_implicit_render.rb:6:in `block in send_action'
<internal:kernel>:90:in `tap'
actionpack (6.1.6.1) lib/action_controller/metal/basic_implicit_render.rb:6:in `send_action'
actionpack (6.1.6.1) lib/abstract_controller/base.rb:228:in `process_action'
actionpack (6.1.6.1) lib/action_controller/metal/rendering.rb:30:in `process_action'
actionpack (6.1.6.1) lib/abstract_controller/callbacks.rb:42:in `block in process_action'
activesupport (6.1.6.1) lib/active_support/callbacks.rb:117:in `block in run_callbacks'
actiontext (6.1.6.1) lib/action_text/rendering.rb:20:in `with_renderer'
actiontext (6.1.6.1) lib/action_text/engine.rb:59:in `block (4 levels) in <class:Engine>'
activesupport (6.1.6.1) lib/active_support/callbacks.rb:126:in `instance_exec'
activesupport (6.1.6.1) lib/active_support/callbacks.rb:126:in `block in run_callbacks'
activesupport (6.1.6.1) lib/active_support/callbacks.rb:137:in `run_callbacks'
actionpack (6.1.6.1) lib/abstract_controller/callbacks.rb:41:in `process_action'
actionpack (6.1.6.1) lib/action_controller/metal/rescue.rb:22:in `process_action'
actionpack (6.1.6.1) lib/action_controller/metal/instrumentation.rb:34:in `block in process_action'
activesupport (6.1.6.1) lib/active_support/notifications.rb:203:in `block in instrument'
activesupport (6.1.6.1) lib/active_support/notifications/instrumenter.rb:24:in `instrument'
activesupport (6.1.6.1) lib/active_support/notifications.rb:203:in `instrument'
actionpack (6.1.6.1) lib/action_controller/metal/instrumentation.rb:33:in `process_action'
actionpack (6.1.6.1) lib/action_controller/metal/params_wrapper.rb:249:in `process_action'
activerecord (6.1.6.1) lib/active_record/railties/controller_runtime.rb:27:in `process_action'
actionpack (6.1.6.1) lib/abstract_controller/base.rb:165:in `process'
actionview (6.1.6.1) lib/action_view/rendering.rb:39:in `process'
actionpack (6.1.6.1) lib/action_controller/metal.rb:190:in `dispatch'
actionpack (6.1.6.1) lib/action_controller/metal.rb:254:in `dispatch'
actionpack (6.1.6.1) lib/action_dispatch/routing/route_set.rb:50:in `dispatch'
actionpack (6.1.6.1) lib/action_dispatch/routing/route_set.rb:33:in `serve'
actionpack (6.1.6.1) lib/action_dispatch/journey/router.rb:50:in `block in serve'
actionpack (6.1.6.1) lib/action_dispatch/journey/router.rb:32:in `each'
actionpack (6.1.6.1) lib/action_dispatch/journey/router.rb:32:in `serve'
actionpack (6.1.6.1) lib/action_dispatch/routing/route_set.rb:842:in `call'
warden (1.2.9) lib/warden/manager.rb:36:in `block in call'
warden (1.2.9) lib/warden/manager.rb:34:in `catch'
warden (1.2.9) lib/warden/manager.rb:34:in `call'
rack (2.2.4) lib/rack/tempfile_reaper.rb:15:in `call'
rack (2.2.4) lib/rack/etag.rb:27:in `call'
rack (2.2.4) lib/rack/conditional_get.rb:27:in `call'
rack (2.2.4) lib/rack/head.rb:12:in `call'
actionpack (6.1.6.1) lib/action_dispatch/http/permissions_policy.rb:22:in `call'
actionpack (6.1.6.1) lib/action_dispatch/http/content_security_policy.rb:19:in `call'
rack (2.2.4) lib/rack/session/abstract/id.rb:266:in `context'
rack (2.2.4) lib/rack/session/abstract/id.rb:260:in `call'
actionpack (6.1.6.1) lib/action_dispatch/middleware/cookies.rb:689:in `call'
activerecord (6.1.6.1) lib/active_record/migration.rb:601:in `call'
actionpack (6.1.6.1) lib/action_dispatch/middleware/callbacks.rb:27:in `block in call'
activesupport (6.1.6.1) lib/active_support/callbacks.rb:98:in `run_callbacks'
actionpack (6.1.6.1) lib/action_dispatch/middleware/callbacks.rb:26:in `call'
actionpack (6.1.6.1) lib/action_dispatch/middleware/executor.rb:14:in `call'
actionpack (6.1.6.1) lib/action_dispatch/middleware/actionable_exceptions.rb:18:in `call'
actionpack (6.1.6.1) lib/action_dispatch/middleware/debug_exceptions.rb:29:in `call'
web-console (4.2.0) lib/web_console/middleware.rb:132:in `call_app'
web-console (4.2.0) lib/web_console/middleware.rb:28:in `block in call'
web-console (4.2.0) lib/web_console/middleware.rb:17:in `catch'
web-console (4.2.0) lib/web_console/middleware.rb:17:in `call'
actionpack (6.1.6.1) lib/action_dispatch/middleware/show_exceptions.rb:33:in `call'
railties (6.1.6.1) lib/rails/rack/logger.rb:37:in `call_app'
railties (6.1.6.1) lib/rails/rack/logger.rb:26:in `block in call'
activesupport (6.1.6.1) lib/active_support/tagged_logging.rb:99:in `block in tagged'
activesupport (6.1.6.1) lib/active_support/tagged_logging.rb:37:in `tagged'
activesupport (6.1.6.1) lib/active_support/tagged_logging.rb:99:in `tagged'
railties (6.1.6.1) lib/rails/rack/logger.rb:26:in `call'
sprockets-rails (3.4.2) lib/sprockets/rails/quiet_assets.rb:13:in `call'
actionpack (6.1.6.1) lib/action_dispatch/middleware/remote_ip.rb:81:in `call'
actionpack (6.1.6.1) lib/action_dispatch/middleware/request_id.rb:26:in `call'
rack (2.2.4) lib/rack/method_override.rb:24:in `call'
rack (2.2.4) lib/rack/runtime.rb:22:in `call'
activesupport (6.1.6.1) lib/active_support/cache/strategy/local_cache_middleware.rb:29:in `call'
actionpack (6.1.6.1) lib/action_dispatch/middleware/executor.rb:14:in `call'
actionpack (6.1.6.1) lib/action_dispatch/middleware/static.rb:24:in `call'
rack (2.2.4) lib/rack/sendfile.rb:110:in `call'
actionpack (6.1.6.1) lib/action_dispatch/middleware/host_authorization.rb:148:in `call'
rack-mini-profiler (2.3.4) lib/mini_profiler/profiler.rb:393:in `call'
webpacker (5.4.3) lib/webpacker/dev_server_proxy.rb:25:in `perform_request'
rack-proxy (0.7.2) lib/rack/proxy.rb:67:in `call'
railties (6.1.6.1) lib/rails/engine.rb:539:in `call'
puma (5.6.4) lib/puma/configuration.rb:252:in `call'
puma (5.6.4) lib/puma/request.rb:77:in `block in handle_request'
puma (5.6.4) lib/puma/thread_pool.rb:340:in `with_force_shutdown'
puma (5.6.4) lib/puma/request.rb:76:in `handle_request'
puma (5.6.4) lib/puma/server.rb:441:in `process_client'
puma (5.6.4) lib/puma/thread_pool.rb:147:in `block in spawn_thread'
Started GET "/" for 127.0.0.1 at 2022-08-18 23:06:26 +0800
Processing by HomesController#index as HTML
  Rendering layout layouts/application.html.erb
  Rendering homes/index.html.erb within layouts/application
  Rendered homes/index.html.erb within layouts/application (Duration: 0.5ms | Allocations: 143)
[Webpacker] Everything's up-to-date. Nothing to do
  Rendered layout layouts/application.html.erb (Duration: 33.9ms | Allocations: 6380)
Completed 200 OK in 43ms (Views: 40.4ms | Allocations: 7793)


Started GET "/" for 127.0.0.1 at 2022-08-18 23:06:58 +0800
Processing by HomesController#index as HTML
  Rendering layout layouts/application.html.erb
  Rendering homes/index.html.erb within layouts/application
  Rendered homes/index.html.erb within layouts/application (Duration: 19.2ms | Allocations: 4832)
  Rendered layout layouts/application.html.erb (Duration: 19.5ms | Allocations: 4914)
Completed 500 Internal Server Error in 25ms (Allocations: 6223)


  
ActionView::Template::Error (undefined local variable or method `users_path' for #<ActionView::Base:0x00000000009150>
Did you mean?  user_session_path):
    1: <h1>HELLO</h1>
    2: <%= link_to "ç™»å…¥", users_path %>
  
app/views/homes/index.html.erb:2
Started GET "/" for 127.0.0.1 at 2022-08-18 23:07:06 +0800
Processing by HomesController#index as HTML
  Rendering layout layouts/application.html.erb
  Rendering homes/index.html.erb within layouts/application
  Rendered homes/index.html.erb within layouts/application (Duration: 26.9ms | Allocations: 4957)
  Rendered layout layouts/application.html.erb (Duration: 27.2ms | Allocations: 5039)
Completed 500 Internal Server Error in 31ms (Allocations: 6296)


  
ActionView::Template::Error (undefined local variable or method `new_users_path' for #<ActionView::Base:0x00000000009588>
Did you mean?  new_session_path):
    1: <h1>HELLO</h1>
    2: <%= link_to "ç™»å…¥", new_users_path %>
  
app/views/homes/index.html.erb:2
Started GET "/" for 127.0.0.1 at 2022-08-18 23:07:14 +0800
Processing by HomesController#index as HTML
  Rendering layout layouts/application.html.erb
  Rendering homes/index.html.erb within layouts/application
  Rendered homes/index.html.erb within layouts/application (Duration: 1.4ms | Allocations: 1118)
  Rendered layout layouts/application.html.erb (Duration: 1.6ms | Allocations: 1201)
Completed 500 Internal Server Error in 5ms (Allocations: 2470)


  
ActionView::Template::Error (wrong number of arguments (given 0, expected 1+)):
    1: <h1>HELLO</h1>
    2: <%= link_to "ç™»å…¥", new_session_path %>
  
app/views/homes/index.html.erb:2
Started GET "/" for 127.0.0.1 at 2022-08-18 23:07:25 +0800
Processing by HomesController#index as HTML
  Rendering layout layouts/application.html.erb
  Rendering homes/index.html.erb within layouts/application
  Rendered homes/index.html.erb within layouts/application (Duration: 21.0ms | Allocations: 4952)
  Rendered layout layouts/application.html.erb (Duration: 21.4ms | Allocations: 5035)
Completed 500 Internal Server Error in 25ms (Allocations: 6302)


  
ActionView::Template::Error (undefined local variable or method `new_users_path' for #<ActionView::Base:0x00000000009e70>
Did you mean?  new_session_path):
    1: <h1>HELLO</h1>
    2: <%= link_to "ç™»å…¥", new_users_path %>
  
app/views/homes/index.html.erb:2
Started GET "/" for 127.0.0.1 at 2022-08-18 23:07:30 +0800
Processing by HomesController#index as HTML
  Rendering layout layouts/application.html.erb
  Rendering homes/index.html.erb within layouts/application
  Rendered homes/index.html.erb within layouts/application (Duration: 19.8ms | Allocations: 4940)
  Rendered layout layouts/application.html.erb (Duration: 20.0ms | Allocations: 5022)
Completed 500 Internal Server Error in 24ms (Allocations: 6279)


  
ActionView::Template::Error (undefined local variable or method `new_user_path' for #<ActionView::Base:0x0000000000a2d0>
Did you mean?  new_user_session_path):
    1: <h1>HELLO</h1>
    2: <%= link_to "ç™»å…¥", new_user_path %>
  
app/views/homes/index.html.erb:2
Started GET "/" for 127.0.0.1 at 2022-08-18 23:08:50 +0800
Processing by HomesController#index as HTML
  Rendering layout layouts/application.html.erb
  Rendering homes/index.html.erb within layouts/application
  Rendered homes/index.html.erb within layouts/application (Duration: 26.0ms | Allocations: 4888)
  Rendered layout layouts/application.html.erb (Duration: 26.4ms | Allocations: 4970)
Completed 500 Internal Server Error in 31ms (Allocations: 6227)


  
ActionView::Template::Error (undefined local variable or method `new_user_registration' for #<ActionView::Base:0x0000000000a758>
Did you mean?  new_user_registration_url
               new_user_registration_path):
    1: <h1>HELLO</h1>
    2: <%= link_to "ç™»å…¥", new_user_registration %>
  
app/views/homes/index.html.erb:2
Started GET "/" for 127.0.0.1 at 2022-08-18 23:08:57 +0800
Processing by HomesController#index as HTML
  Rendering layout layouts/application.html.erb
  Rendering homes/index.html.erb within layouts/application
  Rendered homes/index.html.erb within layouts/application (Duration: 1.3ms | Allocations: 283)
[Webpacker] Everything's up-to-date. Nothing to do
  Rendered layout layouts/application.html.erb (Duration: 14.9ms | Allocations: 4121)
Completed 200 OK in 21ms (Views: 18.3ms | Allocations: 5414)


Started GET "/users/sign_up" for 127.0.0.1 at 2022-08-18 23:08:59 +0800
Processing by Devise::RegistrationsController#new as HTML
  [1m[35m (0.1ms)[0m  [1m[34mSELECT sqlite_version(*)[0m
  [1m[36mUser Load (0.3ms)[0m  [1m[34mSELECT "users".* FROM "users" WHERE "users"."id" = ? ORDER BY "users"."id" ASC LIMIT ?[0m  [["id", 1], ["LIMIT", 1]]
Redirected to http://127.0.0.1:3000/
Filter chain halted as :require_no_authentication rendered or redirected
Completed 302 Found in 29ms (ActiveRecord: 1.5ms | Allocations: 10558)


Started GET "/" for 127.0.0.1 at 2022-08-18 23:08:59 +0800
Processing by HomesController#index as HTML
  Rendering layout layouts/application.html.erb
  Rendering homes/index.html.erb within layouts/application
  Rendered homes/index.html.erb within layouts/application (Duration: 0.2ms | Allocations: 92)
[Webpacker] Everything's up-to-date. Nothing to do
  Rendered layout layouts/application.html.erb (Duration: 6.6ms | Allocations: 3661)
Completed 200 OK in 8ms (Views: 7.0ms | ActiveRecord: 0.0ms | Allocations: 4149)


Started GET "/users/sign_up" for 127.0.0.1 at 2022-08-18 23:09:00 +0800
Processing by Devise::RegistrationsController#new as HTML
  [1m[36mUser Load (0.2ms)[0m  [1m[34mSELECT "users".* FROM "users" WHERE "users"."id" = ? ORDER BY "users"."id" ASC LIMIT ?[0m  [["id", 1], ["LIMIT", 1]]
Redirected to http://127.0.0.1:3000/
Filter chain halted as :require_no_authentication rendered or redirected
Completed 302 Found in 4ms (ActiveRecord: 0.2ms | Allocations: 1568)


Started GET "/" for 127.0.0.1 at 2022-08-18 23:09:00 +0800
Processing by HomesController#index as HTML
  Rendering layout layouts/application.html.erb
  Rendering homes/index.html.erb within layouts/application
  Rendered homes/index.html.erb within layouts/application (Duration: 0.2ms | Allocations: 74)
[Webpacker] Everything's up-to-date. Nothing to do
  Rendered layout layouts/application.html.erb (Duration: 7.2ms | Allocations: 3508)
Completed 200 OK in 8ms (Views: 7.7ms | ActiveRecord: 0.0ms | Allocations: 3908)


Started GET "/users/sign_up" for 127.0.0.1 at 2022-08-18 23:09:00 +0800
Processing by Devise::RegistrationsController#new as HTML
  [1m[36mUser Load (0.1ms)[0m  [1m[34mSELECT "users".* FROM "users" WHERE "users"."id" = ? ORDER BY "users"."id" ASC LIMIT ?[0m  [["id", 1], ["LIMIT", 1]]
Redirected to http://127.0.0.1:3000/
Filter chain halted as :require_no_authentication rendered or redirected
Completed 302 Found in 2ms (ActiveRecord: 0.1ms | Allocations: 1546)


Started GET "/" for 127.0.0.1 at 2022-08-18 23:09:00 +0800
Processing by HomesController#index as HTML
  Rendering layout layouts/application.html.erb
  Rendering homes/index.html.erb within layouts/application
  Rendered homes/index.html.erb within layouts/application (Duration: 0.2ms | Allocations: 74)
[Webpacker] Everything's up-to-date. Nothing to do
  Rendered layout layouts/application.html.erb (Duration: 4.9ms | Allocations: 3508)
Completed 200 OK in 6ms (Views: 5.3ms | ActiveRecord: 0.0ms | Allocations: 3908)


Started GET "/users/sign_up" for 127.0.0.1 at 2022-08-18 23:09:01 +0800
Processing by Devise::RegistrationsController#new as HTML
  [1m[36mUser Load (1.0ms)[0m  [1m[34mSELECT "users".* FROM "users" WHERE "users"."id" = ? ORDER BY "users"."id" ASC LIMIT ?[0m  [["id", 1], ["LIMIT", 1]]
Redirected to http://127.0.0.1:3000/
Filter chain halted as :require_no_authentication rendered or redirected
Completed 302 Found in 6ms (ActiveRecord: 1.0ms | Allocations: 1542)


Started GET "/" for 127.0.0.1 at 2022-08-18 23:09:01 +0800
Processing by HomesController#index as HTML
  Rendering layout layouts/application.html.erb
  Rendering homes/index.html.erb within layouts/application
  Rendered homes/index.html.erb within layouts/application (Duration: 0.2ms | Allocations: 74)
[Webpacker] Everything's up-to-date. Nothing to do
  Rendered layout layouts/application.html.erb (Duration: 6.8ms | Allocations: 3507)
Completed 200 OK in 8ms (Views: 7.5ms | ActiveRecord: 0.0ms | Allocations: 3907)


Started GET "/users/sign_up" for 127.0.0.1 at 2022-08-18 23:27:41 +0800
Processing by Devise::RegistrationsController#new as HTML
  [1m[35m (0.2ms)[0m  [1m[34mSELECT sqlite_version(*)[0m
  [1m[36mUser Load (0.7ms)[0m  [1m[34mSELECT "users".* FROM "users" WHERE "users"."id" = ? ORDER BY "users"."id" ASC LIMIT ?[0m  [["id", 1], ["LIMIT", 1]]
Redirected to http://127.0.0.1:3000/
Filter chain halted as :require_no_authentication rendered or redirected
Completed 302 Found in 13ms (ActiveRecord: 1.8ms | Allocations: 3235)


Started GET "/" for 127.0.0.1 at 2022-08-18 23:27:41 +0800
Processing by HomesController#index as HTML
  Rendering layout layouts/application.html.erb
  Rendering homes/index.html.erb within layouts/application
  Rendered homes/index.html.erb within layouts/application (Duration: 0.2ms | Allocations: 74)
[Webpacker] Everything's up-to-date. Nothing to do
  Rendered layout layouts/application.html.erb (Duration: 8.3ms | Allocations: 3507)
Completed 200 OK in 10ms (Views: 8.8ms | ActiveRecord: 0.0ms | Allocations: 3908)


Started GET "/" for 127.0.0.1 at 2022-08-18 23:27:43 +0800
Processing by HomesController#index as HTML
  Rendering layout layouts/application.html.erb
  Rendering homes/index.html.erb within layouts/application
  Rendered homes/index.html.erb within layouts/application (Duration: 0.4ms | Allocations: 74)
[Webpacker] Everything's up-to-date. Nothing to do
  Rendered layout layouts/application.html.erb (Duration: 9.1ms | Allocations: 3513)
Completed 200 OK in 11ms (Views: 9.9ms | ActiveRecord: 0.0ms | Allocations: 3904)


Started GET "/users/sign_up" for 127.0.0.1 at 2022-08-18 23:42:14 +0800
Processing by Devise::RegistrationsController#new as HTML
  [1m[35m (0.1ms)[0m  [1m[34mSELECT sqlite_version(*)[0m
  [1m[36mUser Load (0.7ms)[0m  [1m[34mSELECT "users".* FROM "users" WHERE "users"."id" = ? ORDER BY "users"."id" ASC LIMIT ?[0m  [["id", 1], ["LIMIT", 1]]
Redirected to http://127.0.0.1:3000/
Filter chain halted as :require_no_authentication rendered or redirected
Completed 302 Found in 23ms (ActiveRecord: 1.1ms | Allocations: 3236)


Started GET "/" for 127.0.0.1 at 2022-08-18 23:42:14 +0800
Processing by HomesController#index as HTML
  Rendering layout layouts/application.html.erb
  Rendering homes/index.html.erb within layouts/application
  Rendered homes/index.html.erb within layouts/application (Duration: 0.1ms | Allocations: 74)
[Webpacker] Everything's up-to-date. Nothing to do
  Rendered layout layouts/application.html.erb (Duration: 6.9ms | Allocations: 3507)
Completed 200 OK in 8ms (Views: 7.3ms | ActiveRecord: 0.0ms | Allocations: 3907)


Started GET "/users/sign_up" for 127.0.0.1 at 2022-08-18 23:42:20 +0800
Processing by Devise::RegistrationsController#new as HTML
  [1m[36mUser Load (0.2ms)[0m  [1m[34mSELECT "users".* FROM "users" WHERE "users"."id" = ? ORDER BY "users"."id" ASC LIMIT ?[0m  [["id", 1], ["LIMIT", 1]]
Redirected to http://127.0.0.1:3000/
Filter chain halted as :require_no_authentication rendered or redirected
Completed 302 Found in 5ms (ActiveRecord: 0.2ms | Allocations: 1528)


Started GET "/" for 127.0.0.1 at 2022-08-18 23:42:20 +0800
Processing by HomesController#index as HTML
  Rendering layout layouts/application.html.erb
  Rendering homes/index.html.erb within layouts/application
  Rendered homes/index.html.erb within layouts/application (Duration: 0.5ms | Allocations: 74)
[Webpacker] Everything's up-to-date. Nothing to do
  Rendered layout layouts/application.html.erb (Duration: 8.6ms | Allocations: 3518)
Completed 200 OK in 10ms (Views: 9.4ms | ActiveRecord: 0.0ms | Allocations: 3910)


Started GET "/blogs" for 127.0.0.1 at 2022-08-18 23:42:25 +0800
  
ActionController::RoutingError (No route matches [GET] "/blogs"):
  
Started GET "/users" for 127.0.0.1 at 2022-08-18 23:42:31 +0800
  
ActionController::RoutingError (No route matches [GET] "/users"):
  
Started GET "/users/sign_up" for 127.0.0.1 at 2022-08-18 23:42:35 +0800
Processing by Devise::RegistrationsController#new as HTML
  [1m[36mUser Load (0.4ms)[0m  [1m[34mSELECT "users".* FROM "users" WHERE "users"."id" = ? ORDER BY "users"."id" ASC LIMIT ?[0m  [["id", 1], ["LIMIT", 1]]
Redirected to http://127.0.0.1:3000/
Filter chain halted as :require_no_authentication rendered or redirected
Completed 302 Found in 6ms (ActiveRecord: 0.4ms | Allocations: 1525)


Started GET "/" for 127.0.0.1 at 2022-08-18 23:42:35 +0800
Processing by HomesController#index as HTML
  Rendering layout layouts/application.html.erb
  Rendering homes/index.html.erb within layouts/application
  Rendered homes/index.html.erb within layouts/application (Duration: 0.2ms | Allocations: 74)
[Webpacker] Everything's up-to-date. Nothing to do
  Rendered layout layouts/application.html.erb (Duration: 5.4ms | Allocations: 3514)
Completed 200 OK in 6ms (Views: 5.8ms | ActiveRecord: 0.0ms | Allocations: 3906)


Started GET "/" for 127.0.0.1 at 2022-08-18 23:42:54 +0800
Processing by HomesController#index as HTML
  Rendering layout layouts/application.html.erb
  Rendering homes/index.html.erb within layouts/application
  Rendered homes/index.html.erb within layouts/application (Duration: 2.8ms | Allocations: 1167)
  Rendered layout layouts/application.html.erb (Duration: 3.6ms | Allocations: 1250)
Completed 500 Internal Server Error in 9ms (ActiveRecord: 0.0ms | Allocations: 2462)


  
ActionView::SyntaxErrorInTemplate (Encountered a syntax error while rendering template: check <h1>HELLO</h1>
<%= link_to "ç™»å…¥",  %>
):
1:    <h1>HELLO</h1>
2:    <%= link_to "ç™»å…¥",  %>
  
app/views/homes/index.html.erb:2: syntax error, unexpected ')'
app/views/homes/index.html.erb:4: syntax error, unexpected `end', expecting ')'
app/views/homes/index.html.erb:2: syntax error, unexpected ')'
app/views/homes/index.html.erb:4: syntax error, unexpected `end', expecting ')'
app/views/homes/index.html.erb:2: syntax error, unexpected ')'
app/views/homes/index.html.erb:4: syntax error, unexpected `end', expecting ')'
app/views/homes/index.html.erb:2: syntax error, unexpected ')'
app/views/homes/index.html.erb:4: syntax error, unexpected `end', expecting ')'
app/views/homes/index.html.erb:2: syntax error, unexpected ')'
app/views/homes/index.html.erb:4: syntax error, unexpected `end', expecting ')'
app/views/homes/index.html.erb:2: syntax error, unexpected ')'
app/views/homes/index.html.erb:4: syntax error, unexpected `end', expecting ')'
Started GET "/" for 127.0.0.1 at 2022-08-18 23:58:13 +0800
Processing by HomesController#index as HTML
  Rendering layout layouts/application.html.erb
  Rendering homes/index.html.erb within layouts/application
  Rendered homes/index.html.erb within layouts/application (Duration: 0.9ms | Allocations: 1115)
  Rendered layout layouts/application.html.erb (Duration: 1.0ms | Allocations: 1198)
Completed 500 Internal Server Error in 2ms (Allocations: 1922)


  
ActionView::SyntaxErrorInTemplate (Encountered a syntax error while rendering template: check <h1>HELLO</h1>
<%= link_to "ç™»å…¥",  %>
):
1:    <h1>HELLO</h1>
2:    <%= link_to "ç™»å…¥",  %>
  
app/views/homes/index.html.erb:2: syntax error, unexpected ')'
app/views/homes/index.html.erb:4: syntax error, unexpected `end', expecting ')'
app/views/homes/index.html.erb:2: syntax error, unexpected ')'
app/views/homes/index.html.erb:4: syntax error, unexpected `end', expecting ')'
app/views/homes/index.html.erb:2: syntax error, unexpected ')'
app/views/homes/index.html.erb:4: syntax error, unexpected `end', expecting ')'
app/views/homes/index.html.erb:2: syntax error, unexpected ')'
app/views/homes/index.html.erb:4: syntax error, unexpected `end', expecting ')'
app/views/homes/index.html.erb:2: syntax error, unexpected ')'
app/views/homes/index.html.erb:4: syntax error, unexpected `end', expecting ')'
app/views/homes/index.html.erb:2: syntax error, unexpected ')'
app/views/homes/index.html.erb:4: syntax error, unexpected `end', expecting ')'
Started GET "/" for 127.0.0.1 at 2022-08-20 01:08:48 +0800
Processing by HomesController#index as HTML
  Rendering layout layouts/application.html.erb
  Rendering homes/index.html.erb within layouts/application
  Rendered homes/index.html.erb within layouts/application (Duration: 7.4ms | Allocations: 1103)
  Rendered layout layouts/application.html.erb (Duration: 7.8ms | Allocations: 1180)
Completed 500 Internal Server Error in 14ms (Allocations: 1598)


  
ActionView::SyntaxErrorInTemplate (Encountered a syntax error while rendering template: check <h1>HELLO</h1>
<%= link_to "ç™»å…¥",  %>
):
1:    <h1>HELLO</h1>
2:    <%= link_to "ç™»å…¥",  %>
  
app/views/homes/index.html.erb:2: syntax error, unexpected ')'
app/views/homes/index.html.erb:4: syntax error, unexpected `end', expecting ')'
app/views/homes/index.html.erb:2: syntax error, unexpected ')'
app/views/homes/index.html.erb:4: syntax error, unexpected `end', expecting ')'
app/views/homes/index.html.erb:2: syntax error, unexpected ')'
app/views/homes/index.html.erb:4: syntax error, unexpected `end', expecting ')'
app/views/homes/index.html.erb:2: syntax error, unexpected ')'
app/views/homes/index.html.erb:4: syntax error, unexpected `end', expecting ')'
app/views/homes/index.html.erb:2: syntax error, unexpected ')'
app/views/homes/index.html.erb:4: syntax error, unexpected `end', expecting ')'
app/views/homes/index.html.erb:2: syntax error, unexpected ')'
app/views/homes/index.html.erb:4: syntax error, unexpected `end', expecting ')'
Started GET "/" for 127.0.0.1 at 2022-08-20 01:10:50 +0800
Processing by HomesController#index as HTML
  Rendering layout layouts/application.html.erb
  Rendering homes/index.html.erb within layouts/application
  Rendered homes/index.html.erb within layouts/application (Duration: 2.1ms | Allocations: 252)
[Webpacker] Everything's up-to-date. Nothing to do
  Rendered layout layouts/application.html.erb (Duration: 48.8ms | Allocations: 10976)
Completed 200 OK in 57ms (Views: 52.4ms | Allocations: 12223)


Started GET "/users/sign_up" for 127.0.0.1 at 2022-08-20 01:10:51 +0800
Processing by Devise::RegistrationsController#new as HTML
  [1m[35m (0.1ms)[0m  [1m[34mSELECT sqlite_version(*)[0m
  [1m[36mUser Load (0.7ms)[0m  [1m[34mSELECT "users".* FROM "users" WHERE "users"."id" = ? ORDER BY "users"."id" ASC LIMIT ?[0m  [["id", 1], ["LIMIT", 1]]
Redirected to http://127.0.0.1:3000/
Filter chain halted as :require_no_authentication rendered or redirected
Completed 302 Found in 19ms (ActiveRecord: 1.1ms | Allocations: 7734)


Started GET "/" for 127.0.0.1 at 2022-08-20 01:10:51 +0800
Processing by HomesController#index as HTML
  Rendering layout layouts/application.html.erb
  Rendering homes/index.html.erb within layouts/application
  Rendered homes/index.html.erb within layouts/application (Duration: 0.1ms | Allocations: 92)
[Webpacker] Everything's up-to-date. Nothing to do
  Rendered layout layouts/application.html.erb (Duration: 4.6ms | Allocations: 3709)
Completed 200 OK in 5ms (Views: 4.9ms | ActiveRecord: 0.0ms | Allocations: 4159)


Started GET "/users/sign_up" for 127.0.0.1 at 2022-08-20 01:10:53 +0800
Processing by Devise::RegistrationsController#new as HTML
  [1m[36mUser Load (0.3ms)[0m  [1m[34mSELECT "users".* FROM "users" WHERE "users"."id" = ? ORDER BY "users"."id" ASC LIMIT ?[0m  [["id", 1], ["LIMIT", 1]]
Redirected to http://127.0.0.1:3000/
Filter chain halted as :require_no_authentication rendered or redirected
Completed 302 Found in 5ms (ActiveRecord: 0.3ms | Allocations: 1531)


Started GET "/" for 127.0.0.1 at 2022-08-20 01:10:53 +0800
Processing by HomesController#index as HTML
  Rendering layout layouts/application.html.erb
  Rendering homes/index.html.erb within layouts/application
  Rendered homes/index.html.erb within layouts/application (Duration: 0.4ms | Allocations: 74)
[Webpacker] Everything's up-to-date. Nothing to do
  Rendered layout layouts/application.html.erb (Duration: 8.0ms | Allocations: 3656)
Completed 200 OK in 11ms (Views: 8.6ms | ActiveRecord: 0.0ms | Allocations: 4059)


Started GET "/users/sign_up" for 127.0.0.1 at 2022-08-20 01:10:53 +0800
Processing by Devise::RegistrationsController#new as HTML
  [1m[36mUser Load (0.2ms)[0m  [1m[34mSELECT "users".* FROM "users" WHERE "users"."id" = ? ORDER BY "users"."id" ASC LIMIT ?[0m  [["id", 1], ["LIMIT", 1]]
Redirected to http://127.0.0.1:3000/
Filter chain halted as :require_no_authentication rendered or redirected
Completed 302 Found in 17ms (ActiveRecord: 0.2ms | Allocations: 2143)


Started GET "/" for 127.0.0.1 at 2022-08-20 01:10:53 +0800
Processing by HomesController#index as HTML
  Rendering layout layouts/application.html.erb
  Rendering homes/index.html.erb within layouts/application
  Rendered homes/index.html.erb within layouts/application (Duration: 0.5ms | Allocations: 74)
[Webpacker] Everything's up-to-date. Nothing to do
  Rendered layout layouts/application.html.erb (Duration: 8.1ms | Allocations: 3564)
Completed 200 OK in 10ms (Views: 9.2ms | ActiveRecord: 0.0ms | Allocations: 3964)


Started GET "/users/sign_up" for 127.0.0.1 at 2022-08-20 01:10:54 +0800
Processing by Devise::RegistrationsController#new as HTML
  [1m[36mUser Load (0.2ms)[0m  [1m[34mSELECT "users".* FROM "users" WHERE "users"."id" = ? ORDER BY "users"."id" ASC LIMIT ?[0m  [["id", 1], ["LIMIT", 1]]
Redirected to http://127.0.0.1:3000/
Filter chain halted as :require_no_authentication rendered or redirected
Completed 302 Found in 5ms (ActiveRecord: 0.2ms | Allocations: 1535)


Started GET "/" for 127.0.0.1 at 2022-08-20 01:10:54 +0800
Processing by HomesController#index as HTML
  Rendering layout layouts/application.html.erb
  Rendering homes/index.html.erb within layouts/application
  Rendered homes/index.html.erb within layouts/application (Duration: 0.2ms | Allocations: 74)
[Webpacker] Everything's up-to-date. Nothing to do
  Rendered layout layouts/application.html.erb (Duration: 6.0ms | Allocations: 3571)
Completed 200 OK in 7ms (Views: 6.3ms | ActiveRecord: 0.0ms | Allocations: 3972)


Started GET "/users/sign_up" for 127.0.0.1 at 2022-08-20 01:10:54 +0800
Processing by Devise::RegistrationsController#new as HTML
  [1m[36mUser Load (0.2ms)[0m  [1m[34mSELECT "users".* FROM "users" WHERE "users"."id" = ? ORDER BY "users"."id" ASC LIMIT ?[0m  [["id", 1], ["LIMIT", 1]]
Redirected to http://127.0.0.1:3000/
Filter chain halted as :require_no_authentication rendered or redirected
Completed 302 Found in 7ms (ActiveRecord: 0.2ms | Allocations: 2125)


Started GET "/" for 127.0.0.1 at 2022-08-20 01:10:54 +0800
Processing by HomesController#index as HTML
  Rendering layout layouts/application.html.erb
  Rendering homes/index.html.erb within layouts/application
  Rendered homes/index.html.erb within layouts/application (Duration: 0.3ms | Allocations: 74)
[Webpacker] Everything's up-to-date. Nothing to do
  Rendered layout layouts/application.html.erb (Duration: 7.6ms | Allocations: 3571)
Completed 200 OK in 9ms (Views: 8.1ms | ActiveRecord: 0.0ms | Allocations: 3971)


Started GET "/users/sign_up" for 127.0.0.1 at 2022-08-20 01:10:54 +0800
Processing by Devise::RegistrationsController#new as HTML
  [1m[36mUser Load (0.2ms)[0m  [1m[34mSELECT "users".* FROM "users" WHERE "users"."id" = ? ORDER BY "users"."id" ASC LIMIT ?[0m  [["id", 1], ["LIMIT", 1]]
Redirected to http://127.0.0.1:3000/
Filter chain halted as :require_no_authentication rendered or redirected
Completed 302 Found in 22ms (ActiveRecord: 0.2ms | Allocations: 2111)


Started GET "/" for 127.0.0.1 at 2022-08-20 01:10:54 +0800
Processing by HomesController#index as HTML
  Rendering layout layouts/application.html.erb
  Rendering homes/index.html.erb within layouts/application
  Rendered homes/index.html.erb within layouts/application (Duration: 0.2ms | Allocations: 74)
[Webpacker] Everything's up-to-date. Nothing to do
  Rendered layout layouts/application.html.erb (Duration: 14.5ms | Allocations: 3564)
Completed 200 OK in 16ms (Views: 15.0ms | ActiveRecord: 0.0ms | Allocations: 3964)


Started GET "/users/sign_up" for 127.0.0.1 at 2022-08-20 01:10:54 +0800
Processing by Devise::RegistrationsController#new as HTML
  [1m[36mUser Load (0.2ms)[0m  [1m[34mSELECT "users".* FROM "users" WHERE "users"."id" = ? ORDER BY "users"."id" ASC LIMIT ?[0m  [["id", 1], ["LIMIT", 1]]
Redirected to http://127.0.0.1:3000/
Filter chain halted as :require_no_authentication rendered or redirected
Completed 302 Found in 6ms (ActiveRecord: 0.2ms | Allocations: 2120)


Started GET "/" for 127.0.0.1 at 2022-08-20 01:10:54 +0800
Processing by HomesController#index as HTML
  Rendering layout layouts/application.html.erb
  Rendering homes/index.html.erb within layouts/application
  Rendered homes/index.html.erb within layouts/application (Duration: 0.2ms | Allocations: 74)
[Webpacker] Everything's up-to-date. Nothing to do
  Rendered layout layouts/application.html.erb (Duration: 7.7ms | Allocations: 3564)
Completed 200 OK in 9ms (Views: 8.1ms | ActiveRecord: 0.0ms | Allocations: 3965)


Started GET "/users/sign_up" for 127.0.0.1 at 2022-08-20 01:10:54 +0800
Processing by Devise::RegistrationsController#new as HTML
  [1m[36mUser Load (0.2ms)[0m  [1m[34mSELECT "users".* FROM "users" WHERE "users"."id" = ? ORDER BY "users"."id" ASC LIMIT ?[0m  [["id", 1], ["LIMIT", 1]]
Redirected to http://127.0.0.1:3000/
Filter chain halted as :require_no_authentication rendered or redirected
Completed 302 Found in 5ms (ActiveRecord: 0.2ms | Allocations: 1532)


Started GET "/" for 127.0.0.1 at 2022-08-20 01:10:54 +0800
Processing by HomesController#index as HTML
  Rendering layout layouts/application.html.erb
  Rendering homes/index.html.erb within layouts/application
  Rendered homes/index.html.erb within layouts/application (Duration: 0.3ms | Allocations: 74)
[Webpacker] Everything's up-to-date. Nothing to do
  Rendered layout layouts/application.html.erb (Duration: 9.9ms | Allocations: 3564)
Completed 200 OK in 11ms (Views: 10.4ms | ActiveRecord: 0.0ms | Allocations: 3964)


Started GET "/users/sign_up" for 127.0.0.1 at 2022-08-20 01:10:54 +0800
Processing by Devise::RegistrationsController#new as HTML
  [1m[36mUser Load (0.6ms)[0m  [1m[34mSELECT "users".* FROM "users" WHERE "users"."id" = ? ORDER BY "users"."id" ASC LIMIT ?[0m  [["id", 1], ["LIMIT", 1]]
Redirected to http://127.0.0.1:3000/
Filter chain halted as :require_no_authentication rendered or redirected
Completed 302 Found in 8ms (ActiveRecord: 0.6ms | Allocations: 2105)


Started GET "/" for 127.0.0.1 at 2022-08-20 01:10:54 +0800
Processing by HomesController#index as HTML
  Rendering layout layouts/application.html.erb
  Rendering homes/index.html.erb within layouts/application
  Rendered homes/index.html.erb within layouts/application (Duration: 0.4ms | Allocations: 74)
[Webpacker] Everything's up-to-date. Nothing to do
  Rendered layout layouts/application.html.erb (Duration: 7.9ms | Allocations: 3564)
Completed 200 OK in 15ms (Views: 10.1ms | ActiveRecord: 0.0ms | Allocations: 3965)


Started GET "/users/sign_up" for 127.0.0.1 at 2022-08-20 01:10:55 +0800
Processing by Devise::RegistrationsController#new as HTML
  [1m[36mUser Load (0.6ms)[0m  [1m[34mSELECT "users".* FROM "users" WHERE "users"."id" = ? ORDER BY "users"."id" ASC LIMIT ?[0m  [["id", 1], ["LIMIT", 1]]
Redirected to http://127.0.0.1:3000/
Filter chain halted as :require_no_authentication rendered or redirected
Completed 302 Found in 5ms (ActiveRecord: 0.6ms | Allocations: 1533)


Started GET "/" for 127.0.0.1 at 2022-08-20 01:10:55 +0800
Processing by HomesController#index as HTML
  Rendering layout layouts/application.html.erb
  Rendering homes/index.html.erb within layouts/application
  Rendered homes/index.html.erb within layouts/application (Duration: 0.4ms | Allocations: 74)
[Webpacker] Everything's up-to-date. Nothing to do
  Rendered layout layouts/application.html.erb (Duration: 6.2ms | Allocations: 3571)
Completed 200 OK in 7ms (Views: 6.7ms | ActiveRecord: 0.0ms | Allocations: 3972)


Started GET "/users/sign_up" for 127.0.0.1 at 2022-08-20 01:10:55 +0800
Processing by Devise::RegistrationsController#new as HTML
  [1m[36mUser Load (0.2ms)[0m  [1m[34mSELECT "users".* FROM "users" WHERE "users"."id" = ? ORDER BY "users"."id" ASC LIMIT ?[0m  [["id", 1], ["LIMIT", 1]]
Redirected to http://127.0.0.1:3000/
Filter chain halted as :require_no_authentication rendered or redirected
Completed 302 Found in 6ms (ActiveRecord: 0.2ms | Allocations: 2105)


Started GET "/" for 127.0.0.1 at 2022-08-20 01:10:55 +0800
Processing by HomesController#index as HTML
  Rendering layout layouts/application.html.erb
  Rendering homes/index.html.erb within layouts/application
  Rendered homes/index.html.erb within layouts/application (Duration: 0.5ms | Allocations: 74)
[Webpacker] Everything's up-to-date. Nothing to do
  Rendered layout layouts/application.html.erb (Duration: 7.2ms | Allocations: 3569)
Completed 200 OK in 9ms (Views: 8.2ms | ActiveRecord: 0.0ms | Allocations: 3969)


Started GET "/users/sign_up" for 127.0.0.1 at 2022-08-20 01:10:55 +0800
Processing by Devise::RegistrationsController#new as HTML
  [1m[36mUser Load (0.2ms)[0m  [1m[34mSELECT "users".* FROM "users" WHERE "users"."id" = ? ORDER BY "users"."id" ASC LIMIT ?[0m  [["id", 1], ["LIMIT", 1]]
Redirected to http://127.0.0.1:3000/
Filter chain halted as :require_no_authentication rendered or redirected
Completed 302 Found in 6ms (ActiveRecord: 0.2ms | Allocations: 1531)


Started GET "/" for 127.0.0.1 at 2022-08-20 01:10:55 +0800
Processing by HomesController#index as HTML
  Rendering layout layouts/application.html.erb
  Rendering homes/index.html.erb within layouts/application
  Rendered homes/index.html.erb within layouts/application (Duration: 0.4ms | Allocations: 74)
[Webpacker] Everything's up-to-date. Nothing to do
  Rendered layout layouts/application.html.erb (Duration: 6.7ms | Allocations: 3656)
Completed 200 OK in 8ms (Views: 7.6ms | ActiveRecord: 0.0ms | Allocations: 4059)


Started GET "/users/sign_up" for 127.0.0.1 at 2022-08-20 01:10:56 +0800
Processing by Devise::RegistrationsController#new as HTML
  [1m[36mUser Load (0.2ms)[0m  [1m[34mSELECT "users".* FROM "users" WHERE "users"."id" = ? ORDER BY "users"."id" ASC LIMIT ?[0m  [["id", 1], ["LIMIT", 1]]
Redirected to http://127.0.0.1:3000/
Filter chain halted as :require_no_authentication rendered or redirected
Completed 302 Found in 5ms (ActiveRecord: 0.2ms | Allocations: 1531)


Started GET "/" for 127.0.0.1 at 2022-08-20 01:10:56 +0800
Processing by HomesController#index as HTML
  Rendering layout layouts/application.html.erb
  Rendering homes/index.html.erb within layouts/application
  Rendered homes/index.html.erb within layouts/application (Duration: 0.4ms | Allocations: 74)
[Webpacker] Everything's up-to-date. Nothing to do
  Rendered layout layouts/application.html.erb (Duration: 5.7ms | Allocations: 3564)
Completed 200 OK in 6ms (Views: 6.0ms | ActiveRecord: 0.0ms | Allocations: 3964)


Started GET "/" for 127.0.0.1 at 2022-08-20 01:12:01 +0800
Processing by HomesController#index as HTML
  Rendering layout layouts/application.html.erb
  Rendering homes/index.html.erb within layouts/application
  Rendered homes/index.html.erb within layouts/application (Duration: 5.9ms | Allocations: 250)
[Webpacker] Everything's up-to-date. Nothing to do
  Rendered layout layouts/application.html.erb (Duration: 20.9ms | Allocations: 4139)
Completed 200 OK in 28ms (Views: 24.7ms | ActiveRecord: 0.0ms | Allocations: 5415)


Started GET "/users/sign_in" for 127.0.0.1 at 2022-08-20 01:12:02 +0800
Processing by Devise::SessionsController#new as HTML
  [1m[36mUser Load (0.2ms)[0m  [1m[34mSELECT "users".* FROM "users" WHERE "users"."id" = ? ORDER BY "users"."id" ASC LIMIT ?[0m  [["id", 1], ["LIMIT", 1]]
Redirected to http://127.0.0.1:3000/
Filter chain halted as :require_no_authentication rendered or redirected
Completed 302 Found in 7ms (ActiveRecord: 0.2ms | Allocations: 1958)


Started GET "/" for 127.0.0.1 at 2022-08-20 01:12:02 +0800
Processing by HomesController#index as HTML
  Rendering layout layouts/application.html.erb
  Rendering homes/index.html.erb within layouts/application
  Rendered homes/index.html.erb within layouts/application (Duration: 0.2ms | Allocations: 92)
[Webpacker] Everything's up-to-date. Nothing to do
  Rendered layout layouts/application.html.erb (Duration: 6.2ms | Allocations: 3718)
Completed 200 OK in 7ms (Views: 6.7ms | ActiveRecord: 0.0ms | Allocations: 4166)


Started GET "/users/sign_in" for 127.0.0.1 at 2022-08-20 01:12:03 +0800
Processing by Devise::SessionsController#new as HTML
  [1m[36mUser Load (0.2ms)[0m  [1m[34mSELECT "users".* FROM "users" WHERE "users"."id" = ? ORDER BY "users"."id" ASC LIMIT ?[0m  [["id", 1], ["LIMIT", 1]]
Redirected to http://127.0.0.1:3000/
Filter chain halted as :require_no_authentication rendered or redirected
Completed 302 Found in 6ms (ActiveRecord: 0.2ms | Allocations: 2072)


Started GET "/" for 127.0.0.1 at 2022-08-20 01:12:03 +0800
Processing by HomesController#index as HTML
  Rendering layout layouts/application.html.erb
  Rendering homes/index.html.erb within layouts/application
  Rendered homes/index.html.erb within layouts/application (Duration: 0.3ms | Allocations: 74)
[Webpacker] Everything's up-to-date. Nothing to do
  Rendered layout layouts/application.html.erb (Duration: 9.5ms | Allocations: 3571)
Completed 200 OK in 11ms (Views: 10.1ms | ActiveRecord: 0.0ms | Allocations: 3973)


Started GET "/users/sign_in" for 127.0.0.1 at 2022-08-20 01:12:03 +0800
Processing by Devise::SessionsController#new as HTML
  [1m[36mUser Load (0.4ms)[0m  [1m[34mSELECT "users".* FROM "users" WHERE "users"."id" = ? ORDER BY "users"."id" ASC LIMIT ?[0m  [["id", 1], ["LIMIT", 1]]
Redirected to http://127.0.0.1:3000/
Filter chain halted as :require_no_authentication rendered or redirected
Completed 302 Found in 5ms (ActiveRecord: 0.4ms | Allocations: 1528)


Started GET "/" for 127.0.0.1 at 2022-08-20 01:12:03 +0800
Processing by HomesController#index as HTML
  Rendering layout layouts/application.html.erb
  Rendering homes/index.html.erb within layouts/application
  Rendered homes/index.html.erb within layouts/application (Duration: 0.5ms | Allocations: 75)
[Webpacker] Everything's up-to-date. Nothing to do
  Rendered layout layouts/application.html.erb (Duration: 10.3ms | Allocations: 3570)
Completed 200 OK in 12ms (Views: 10.9ms | ActiveRecord: 0.0ms | Allocations: 4050)


Started GET "/users/sign_in" for 127.0.0.1 at 2022-08-20 01:12:03 +0800
Processing by Devise::SessionsController#new as HTML
  [1m[36mUser Load (0.6ms)[0m  [1m[34mSELECT "users".* FROM "users" WHERE "users"."id" = ? ORDER BY "users"."id" ASC LIMIT ?[0m  [["id", 1], ["LIMIT", 1]]
Redirected to http://127.0.0.1:3000/
Filter chain halted as :require_no_authentication rendered or redirected
Completed 302 Found in 8ms (ActiveRecord: 0.6ms | Allocations: 2088)


Started GET "/" for 127.0.0.1 at 2022-08-20 01:12:03 +0800
Processing by HomesController#index as HTML
  Rendering layout layouts/application.html.erb
  Rendering homes/index.html.erb within layouts/application
  Rendered homes/index.html.erb within layouts/application (Duration: 0.2ms | Allocations: 74)
[Webpacker] Everything's up-to-date. Nothing to do
  Rendered layout layouts/application.html.erb (Duration: 7.3ms | Allocations: 3564)
Completed 200 OK in 8ms (Views: 7.7ms | ActiveRecord: 0.0ms | Allocations: 3964)


Started GET "/users/sign_in" for 127.0.0.1 at 2022-08-20 01:12:04 +0800
Processing by Devise::SessionsController#new as HTML
  [1m[36mUser Load (0.2ms)[0m  [1m[34mSELECT "users".* FROM "users" WHERE "users"."id" = ? ORDER BY "users"."id" ASC LIMIT ?[0m  [["id", 1], ["LIMIT", 1]]
Redirected to http://127.0.0.1:3000/
Filter chain halted as :require_no_authentication rendered or redirected
Completed 302 Found in 16ms (ActiveRecord: 0.2ms | Allocations: 2124)


Started GET "/" for 127.0.0.1 at 2022-08-20 01:12:04 +0800
Processing by HomesController#index as HTML
  Rendering layout layouts/application.html.erb
  Rendering homes/index.html.erb within layouts/application
  Rendered homes/index.html.erb within layouts/application (Duration: 0.1ms | Allocations: 74)
[Webpacker] Everything's up-to-date. Nothing to do
  Rendered layout layouts/application.html.erb (Duration: 4.6ms | Allocations: 3564)
Completed 200 OK in 5ms (Views: 4.9ms | ActiveRecord: 0.0ms | Allocations: 3964)


Started GET "/users/sign_in" for 127.0.0.1 at 2022-08-20 01:12:04 +0800
Processing by Devise::SessionsController#new as HTML
  [1m[36mUser Load (0.2ms)[0m  [1m[34mSELECT "users".* FROM "users" WHERE "users"."id" = ? ORDER BY "users"."id" ASC LIMIT ?[0m  [["id", 1], ["LIMIT", 1]]
Redirected to http://127.0.0.1:3000/
Filter chain halted as :require_no_authentication rendered or redirected
Completed 302 Found in 8ms (ActiveRecord: 0.2ms | Allocations: 2075)


Started GET "/" for 127.0.0.1 at 2022-08-20 01:12:04 +0800
Processing by HomesController#index as HTML
  Rendering layout layouts/application.html.erb
  Rendering homes/index.html.erb within layouts/application
  Rendered homes/index.html.erb within layouts/application (Duration: 0.5ms | Allocations: 74)
[Webpacker] Everything's up-to-date. Nothing to do
  Rendered layout layouts/application.html.erb (Duration: 5.6ms | Allocations: 3571)
Completed 200 OK in 6ms (Views: 6.0ms | ActiveRecord: 0.0ms | Allocations: 3973)


Started GET "/" for 127.0.0.1 at 2022-08-20 01:30:26 +0800
Processing by HomesController#index as HTML
  Rendering layout layouts/application.html.erb
  Rendering homes/index.html.erb within layouts/application
  Rendered homes/index.html.erb within layouts/application (Duration: 1.5ms | Allocations: 249)
[Webpacker] Everything's up-to-date. Nothing to do
  Rendered layout layouts/application.html.erb (Duration: 16.2ms | Allocations: 4145)
Completed 200 OK in 31ms (Views: 22.3ms | Allocations: 5420)


Started GET "/users/sign_up" for 127.0.0.1 at 2022-08-20 01:46:28 +0800
Processing by Devise::RegistrationsController#new as HTML
  [1m[35m (0.1ms)[0m  [1m[34mSELECT sqlite_version(*)[0m
  [1m[36mUser Load (0.8ms)[0m  [1m[34mSELECT "users".* FROM "users" WHERE "users"."id" = ? ORDER BY "users"."id" ASC LIMIT ?[0m  [["id", 1], ["LIMIT", 1]]
Redirected to http://127.0.0.1:3000/
Filter chain halted as :require_no_authentication rendered or redirected
Completed 302 Found in 22ms (ActiveRecord: 1.4ms | Allocations: 3055)


Started GET "/" for 127.0.0.1 at 2022-08-20 01:46:29 +0800
Processing by HomesController#index as HTML
  Rendering layout layouts/application.html.erb
  Rendering homes/index.html.erb within layouts/application
  Rendered homes/index.html.erb within layouts/application (Duration: 0.2ms | Allocations: 74)
[Webpacker] Everything's up-to-date. Nothing to do
  Rendered layout layouts/application.html.erb (Duration: 10.0ms | Allocations: 3572)
Completed 200 OK in 11ms (Views: 10.5ms | ActiveRecord: 0.0ms | Allocations: 3991)


Started GET "/" for 127.0.0.1 at 2022-08-20 01:51:04 +0800
Processing by HomesController#index as HTML
  Rendering layout layouts/application.html.erb
  Rendering homes/index.html.erb within layouts/application
  Rendered homes/index.html.erb within layouts/application (Duration: 0.7ms | Allocations: 74)
[Webpacker] Everything's up-to-date. Nothing to do
  Rendered layout layouts/application.html.erb (Duration: 22.0ms | Allocations: 3564)
Completed 200 OK in 30ms (Views: 23.6ms | ActiveRecord: 0.0ms | Allocations: 3955)


Started GET "/" for 127.0.0.1 at 2022-08-20 02:05:58 +0800
Processing by HomesController#index as HTML
  Rendering layout layouts/application.html.erb
  Rendering homes/index.html.erb within layouts/application
  Rendered homes/index.html.erb within layouts/application (Duration: 0.6ms | Allocations: 74)
[Webpacker] Everything's up-to-date. Nothing to do
  Rendered layout layouts/application.html.erb (Duration: 24.9ms | Allocations: 3564)
Completed 200 OK in 28ms (Views: 25.9ms | Allocations: 3952)


Started GET "/users/sign_up" for 127.0.0.1 at 2022-08-20 02:06:01 +0800
Processing by Devise::RegistrationsController#new as HTML
  [1m[35m (0.1ms)[0m  [1m[34mSELECT sqlite_version(*)[0m
  [1m[36mUser Load (0.8ms)[0m  [1m[34mSELECT "users".* FROM "users" WHERE "users"."id" = ? ORDER BY "users"."id" ASC LIMIT ?[0m  [["id", 1], ["LIMIT", 1]]
Redirected to http://127.0.0.1:3000/
Filter chain halted as :require_no_authentication rendered or redirected
Completed 302 Found in 15ms (ActiveRecord: 1.6ms | Allocations: 3291)


Started GET "/" for 127.0.0.1 at 2022-08-20 02:06:01 +0800
Processing by HomesController#index as HTML
  Rendering layout layouts/application.html.erb
  Rendering homes/index.html.erb within layouts/application
  Rendered homes/index.html.erb within layouts/application (Duration: 0.5ms | Allocations: 74)
[Webpacker] Everything's up-to-date. Nothing to do
  Rendered layout layouts/application.html.erb (Duration: 8.1ms | Allocations: 3564)
Completed 200 OK in 9ms (Views: 8.6ms | ActiveRecord: 0.0ms | Allocations: 3964)


